build/app/intermediates/manifest_merge_blame_file/developmentRelease/manifest-merger-blame-development-release-report.txt
1<?xml version="1.0" encoding="utf-8"?>
2<manifest xmlns:android="http://schemas.android.com/apk/res/android"
3    package="com.example.verygoodcore.flutter_maps.dev"
4    android:versionCode="1"
5    android:versionName="1.0.0" >
6
7    <uses-sdk
8        android:minSdkVersion="23"
8-->src/main/AndroidManifest.xml
9        android:targetSdkVersion="31" />
9-->src/main/AndroidManifest.xml
10
11    <uses-permission android:name="android.permission.INTERNET" />
11-->src/main/AndroidManifest.xml:3:5-66
11-->src/main/AndroidManifest.xml:3:22-64
12    <uses-permission android:name="android.permission.FOREGROUND_SERVICE" />
12-->src/main/AndroidManifest.xml:4:5-77
12-->src/main/AndroidManifest.xml:4:22-74
13    <uses-permission android:name="android.permission.WAKE_LOCK" />
13-->src/main/AndroidManifest.xml:5:5-68
13-->src/main/AndroidManifest.xml:5:22-65
14    <uses-permission android:name="android.permission.REQUEST_IGNORE_BATTERY_OPTIMIZATIONS" />
14-->src/main/AndroidManifest.xml:6:5-94
14-->src/main/AndroidManifest.xml:6:22-92
15    <uses-permission android:name="android.permission.READ_EXTERNAL_STORAGE" />
15-->[:file_picker] AndroidManifest.xml:9:5-80
15-->[:file_picker] AndroidManifest.xml:9:22-77
16
17    <queries>
17-->[:file_picker] AndroidManifest.xml:11:5-17:15
18        <intent>
18-->[:file_picker] AndroidManifest.xml:12:9-16:18
19            <action android:name="android.intent.action.GET_CONTENT" />
19-->[:file_picker] AndroidManifest.xml:13:13-72
19-->[:file_picker] AndroidManifest.xml:13:21-69
20
21            <data android:mimeType="*/*" />
21-->[:file_picker] AndroidManifest.xml:15:13-44
21-->[:file_picker] AndroidManifest.xml:15:19-41
22        </intent>
23    </queries>
24
25    <uses-permission android:name="android.permission.RECEIVE_BOOT_COMPLETED" />
25-->[:flutter_local_notifications] AndroidManifest.xml:9:5-81
25-->[:flutter_local_notifications] AndroidManifest.xml:9:22-78
26    <uses-permission android:name="android.permission.VIBRATE" />
26-->[:flutter_local_notifications] AndroidManifest.xml:10:5-66
26-->[:flutter_local_notifications] AndroidManifest.xml:10:22-63
27    <uses-permission android:name="android.permission.USE_FULL_SCREEN_INTENT" />
27-->[:flutter_local_notifications] AndroidManifest.xml:11:5-81
27-->[:flutter_local_notifications] AndroidManifest.xml:11:22-78
28    <uses-permission android:name="android.permission.SCHEDULE_EXACT_ALARM" />
28-->[:flutter_local_notifications] AndroidManifest.xml:12:5-79
28-->[:flutter_local_notifications] AndroidManifest.xml:12:22-76
29    <uses-permission android:name="android.permission.POST_NOTIFICATIONS" />
29-->[:flutter_local_notifications] AndroidManifest.xml:13:5-77
29-->[:flutter_local_notifications] AndroidManifest.xml:13:22-74
30
31    <permission
31-->[androidx.core:core:1.9.0] AndroidManifest.xml:22:5-24:47
32        android:name="com.example.verygoodcore.flutter_maps.dev.DYNAMIC_RECEIVER_NOT_EXPORTED_PERMISSION"
32-->[androidx.core:core:1.9.0] AndroidManifest.xml:23:9-81
33        android:protectionLevel="signature" />
33-->[androidx.core:core:1.9.0] AndroidManifest.xml:24:9-44
34
35    <uses-permission android:name="com.example.verygoodcore.flutter_maps.dev.DYNAMIC_RECEIVER_NOT_EXPORTED_PERMISSION" />
35-->[androidx.core:core:1.9.0] AndroidManifest.xml:26:5-97
35-->[androidx.core:core:1.9.0] AndroidManifest.xml:26:22-94
36
37    <application
37-->src/main/AndroidManifest.xml:7:4-36:19
38        android:appComponentFactory="androidx.core.app.CoreComponentFactory"
38-->[androidx.core:core:1.9.0] AndroidManifest.xml:28:18-86
39        android:extractNativeLibs="false"
40        android:icon="@mipmap/ic_launcher"
40-->src/main/AndroidManifest.xml:9:9-43
41        android:label="Flutter Maps and FMTC" >
41-->src/main/AndroidManifest.xml:8:9-46
42        <activity
42-->src/main/AndroidManifest.xml:10:9-30:20
43            android:name="com.example.verygoodcore.flutter_maps.MainActivity"
43-->src/main/AndroidManifest.xml:11:13-41
44            android:configChanges="orientation|keyboardHidden|keyboard|screenSize|smallestScreenSize|locale|layoutDirection|fontScale|screenLayout|density|uiMode"
44-->src/main/AndroidManifest.xml:15:13-163
45            android:exported="true"
45-->src/main/AndroidManifest.xml:12:13-36
46            android:hardwareAccelerated="true"
46-->src/main/AndroidManifest.xml:16:13-47
47            android:launchMode="singleTop"
47-->src/main/AndroidManifest.xml:13:13-43
48            android:theme="@style/LaunchTheme"
48-->src/main/AndroidManifest.xml:14:13-47
49            android:windowSoftInputMode="adjustResize" >
49-->src/main/AndroidManifest.xml:17:13-55
50
51            <!--
52                 Specifies an Android theme to apply to this Activity as soon as
53                 the Android process has started. This theme is visible to the user
54                 while the Flutter UI initializes. After that, this theme continues
55                 to determine the Window background behind the Flutter UI.
56            -->
57            <meta-data
57-->src/main/AndroidManifest.xml:22:13-25:17
58                android:name="io.flutter.embedding.android.NormalTheme"
58-->src/main/AndroidManifest.xml:23:15-70
59                android:resource="@style/NormalTheme" />
59-->src/main/AndroidManifest.xml:24:15-52
60
61            <intent-filter>
61-->src/main/AndroidManifest.xml:26:13-29:29
62                <action android:name="android.intent.action.MAIN" />
62-->src/main/AndroidManifest.xml:27:17-68
62-->src/main/AndroidManifest.xml:27:25-66
63
64                <category android:name="android.intent.category.LAUNCHER" />
64-->src/main/AndroidManifest.xml:28:17-76
64-->src/main/AndroidManifest.xml:28:27-74
65            </intent-filter>
66        </activity>
67        <!--
68             Don't delete the meta-data below.
69             This is used by the Flutter tool to generate GeneratedPluginRegistrant.java
70        -->
71        <meta-data
71-->src/main/AndroidManifest.xml:33:9-35:33
72            android:name="flutterEmbedding"
72-->src/main/AndroidManifest.xml:34:13-44
73            android:value="2" />
73-->src/main/AndroidManifest.xml:35:13-30
74
75        <service android:name="de.julianassmann.flutter_background.IsolateHolderService" >
75-->[:flutter_background] AndroidManifest.xml:13:9-19:19
75-->[:flutter_background] AndroidManifest.xml:13:18-89
76
77            <!--
78            android:exported="false"
79            android:foregroundServiceType="connectedDevice|dataSync"
80            -->
81        </service>
82        <!--
83           Declares a provider which allows us to store files to share in
84           '.../caches/share_plus' and grant the receiving action access
85        -->
86        <provider
86-->[:share_plus] AndroidManifest.xml:15:9-23:20
87            android:name="dev.fluttercommunity.plus.share.ShareFileProvider"
87-->[:share_plus] AndroidManifest.xml:16:13-77
88            android:authorities="com.example.verygoodcore.flutter_maps.dev.flutter.share_provider"
88-->[:share_plus] AndroidManifest.xml:17:13-74
89            android:exported="false"
89-->[:share_plus] AndroidManifest.xml:18:13-37
90            android:grantUriPermissions="true" >
90-->[:share_plus] AndroidManifest.xml:19:13-47
91            <meta-data
91-->[:share_plus] AndroidManifest.xml:20:13-22:68
92                android:name="android.support.FILE_PROVIDER_PATHS"
92-->[:share_plus] AndroidManifest.xml:21:17-67
93                android:resource="@xml/flutter_share_file_paths" />
93-->[:share_plus] AndroidManifest.xml:22:17-65
94        </provider>
95        <!--
96           This manifest declared broadcast receiver allows us to use an explicit
97           Intent when creating a PendingItent to be informed of the user's choice
98        -->
99        <receiver
99-->[:share_plus] AndroidManifest.xml:28:9-34:20
100            android:name="dev.fluttercommunity.plus.share.SharePlusPendingIntent"
100-->[:share_plus] AndroidManifest.xml:29:13-82
101            android:exported="true" >
101-->[:share_plus] AndroidManifest.xml:30:13-36
102            <intent-filter>
102-->[:share_plus] AndroidManifest.xml:31:13-33:29
103                <action android:name="EXTRA_CHOSEN_COMPONENT" />
103-->[:share_plus] AndroidManifest.xml:32:17-65
103-->[:share_plus] AndroidManifest.xml:32:25-62
104            </intent-filter>
105        </receiver>
106        <receiver
106-->[:flutter_local_notifications] AndroidManifest.xml:16:9-18:40
107            android:name="com.dexterous.flutterlocalnotifications.ActionBroadcastReceiver"
107-->[:flutter_local_notifications] AndroidManifest.xml:17:13-91
108            android:exported="false" />
108-->[:flutter_local_notifications] AndroidManifest.xml:18:13-37
109        <receiver
109-->[:flutter_local_notifications] AndroidManifest.xml:19:9-21:40
110            android:name="com.dexterous.flutterlocalnotifications.ScheduledNotificationReceiver"
110-->[:flutter_local_notifications] AndroidManifest.xml:20:13-97
111            android:exported="false" />
111-->[:flutter_local_notifications] AndroidManifest.xml:21:13-37
112        <receiver
112-->[:flutter_local_notifications] AndroidManifest.xml:22:9-31:20
113            android:name="com.dexterous.flutterlocalnotifications.ScheduledNotificationBootReceiver"
113-->[:flutter_local_notifications] AndroidManifest.xml:23:13-101
114            android:exported="false" >
114-->[:flutter_local_notifications] AndroidManifest.xml:24:13-37
115            <intent-filter>
115-->[:flutter_local_notifications] AndroidManifest.xml:25:13-30:29
116                <action android:name="android.intent.action.BOOT_COMPLETED" />
116-->[:flutter_local_notifications] AndroidManifest.xml:26:17-79
116-->[:flutter_local_notifications] AndroidManifest.xml:26:25-76
117                <action android:name="android.intent.action.MY_PACKAGE_REPLACED" />
117-->[:flutter_local_notifications] AndroidManifest.xml:27:17-84
117-->[:flutter_local_notifications] AndroidManifest.xml:27:25-81
118                <action android:name="android.intent.action.QUICKBOOT_POWERON" />
118-->[:flutter_local_notifications] AndroidManifest.xml:28:17-82
118-->[:flutter_local_notifications] AndroidManifest.xml:28:25-79
119                <action android:name="com.htc.intent.action.QUICKBOOT_POWERON" />
119-->[:flutter_local_notifications] AndroidManifest.xml:29:17-82
119-->[:flutter_local_notifications] AndroidManifest.xml:29:25-79
120            </intent-filter>
121        </receiver>
122
123        <uses-library
123-->[androidx.window:window:1.0.0-beta04] AndroidManifest.xml:25:9-27:40
124            android:name="androidx.window.extensions"
124-->[androidx.window:window:1.0.0-beta04] AndroidManifest.xml:26:13-54
125            android:required="false" />
125-->[androidx.window:window:1.0.0-beta04] AndroidManifest.xml:27:13-37
126        <uses-library
126-->[androidx.window:window:1.0.0-beta04] AndroidManifest.xml:28:9-30:40
127            android:name="androidx.window.sidecar"
127-->[androidx.window:window:1.0.0-beta04] AndroidManifest.xml:29:13-51
128            android:required="false" />
128-->[androidx.window:window:1.0.0-beta04] AndroidManifest.xml:30:13-37
129    </application>
130
131</manifest>